<?xml version="1.0" encoding="UTF-8"?>
<!-- Generated by org.testng.reporters.JUnitReportReporter -->
<testsuite skipped="0" hostname="YP1007034LT" name="com.devops.Automation.Invoke" tests="1" failures="0" timestamp="22 Sep 2019 04:47:04 GMT" time="10.152" errors="0">
  <testcase name="invokeApplication" time="10.152" classname="com.devops.Automation.Invoke"/>
</testsuite> <!-- com.devops.Automation.Invoke -->
