<?xml version="1.0" encoding="UTF-8"?>
<!-- Generated by org.testng.reporters.JUnitReportReporter -->
<testsuite skipped="0" hostname="YP1007034LT" name="com.devops.Automation.Invoke" tests="1" failures="0" timestamp="2019-09-22T10:43:49 IST" time="10.911" errors="0">
  <testcase name="invokeApplication" time="10.911" classname="com.devops.Automation.Invoke"/>
</testsuite> <!-- com.devops.Automation.Invoke -->
